<?xml version="1.0" encoding="UTF-8"?>
<!-- Generated by org.testng.reporters.JUnitXMLReporter -->
<testsuite hostname="KV222" name="First" tests="1" failures="1" timestamp="4 May 2020 16:14:13 GMT" time="30.218" errors="0">
  <testcase name="loginTest" time="22.675" classname="com.github.tests.UItests.UITests">
    <failure type="org.junit.ComparisonFailure" message="[Cannot login into the account.] expected:&amp;lt;[tru]e&amp;gt; but was:&amp;lt;[fals]e&amp;gt;">
      <![CDATA[org.junit.ComparisonFailure: [Cannot login into the account.] expected:<[tru]e> but was:<[fals]e>
	at com.github.tests.UItests.UITests.loginTest(UITests.java:38)
... Removed 31 stack frames]]>
    </failure>
  </testcase> <!-- loginTest -->
</testsuite> <!-- First -->
