<?xml version="1.0" encoding="UTF-8"?>
<testng-results skipped="0" failed="1" total="1" passed="0">
  <reporter-output>
  </reporter-output>
  <suite name="tests" duration-ms="30218" started-at="2020-05-04T16:13:43Z" finished-at="2020-05-04T16:14:13Z">
    <groups>
    </groups>
    <test name="First" duration-ms="30218" started-at="2020-05-04T16:13:43Z" finished-at="2020-05-04T16:14:13Z">
      <class name="com.github.tests.UItests.UITests">
        <test-method status="PASS" signature="setUp(org.testng.ITestContext)[pri:0, instance:com.github.tests.UItests.UITests@37d4349f]" name="setUp" is-config="true" duration-ms="6705" started-at="2020-05-04T19:13:43Z" finished-at="2020-05-04T19:13:49Z">
          <params>
            <param index="0">
              <value>
                <![CDATA[org.testng.TestRunner@76adb233]]>
              </value>
            </param>
          </params>
          <reporter-output>
          </reporter-output>
        </test-method> <!-- setUp -->
        <test-method status="FAIL" signature="loginTest()[pri:0, instance:com.github.tests.UItests.UITests@37d4349f]" name="loginTest" duration-ms="22675" started-at="2020-05-04T19:13:49Z" description="Verify Home page is opened." finished-at="2020-05-04T19:14:12Z">
          <exception class="org.junit.ComparisonFailure">
            <message>
              <![CDATA[[Cannot login into the account.] expected:<[tru]e> but was:<[fals]e>]]>
            </message>
            <full-stacktrace>
              <![CDATA[org.junit.ComparisonFailure: [Cannot login into the account.] expected:<[tru]e> but was:<[fals]e>
	at sun.reflect.NativeConstructorAccessorImpl.newInstance0(Native Method)
	at sun.reflect.NativeConstructorAccessorImpl.newInstance(Unknown Source)
	at sun.reflect.DelegatingConstructorAccessorImpl.newInstance(Unknown Source)
	at com.github.tests.UItests.UITests.loginTest(UITests.java:38)
	at sun.reflect.NativeMethodAccessorImpl.invoke0(Native Method)
	at sun.reflect.NativeMethodAccessorImpl.invoke(Unknown Source)
	at sun.reflect.DelegatingMethodAccessorImpl.invoke(Unknown Source)
	at java.lang.reflect.Method.invoke(Unknown Source)
	at org.testng.internal.MethodInvocationHelper.invokeMethod(MethodInvocationHelper.java:86)
	at org.testng.internal.Invoker.invokeMethod(Invoker.java:643)
	at org.testng.internal.Invoker.invokeTestMethod(Invoker.java:820)
	at org.testng.internal.Invoker.invokeTestMethods(Invoker.java:1128)
	at org.testng.internal.TestMethodWorker.invokeTestMethods(TestMethodWorker.java:129)
	at org.testng.internal.TestMethodWorker.run(TestMethodWorker.java:112)
	at org.testng.TestRunner.privateRun(TestRunner.java:782)
	at org.testng.TestRunner.run(TestRunner.java:632)
	at org.testng.SuiteRunner.runTest(SuiteRunner.java:366)
	at org.testng.SuiteRunner.runSequentially(SuiteRunner.java:361)
	at org.testng.SuiteRunner.privateRun(SuiteRunner.java:319)
	at org.testng.SuiteRunner.run(SuiteRunner.java:268)
	at org.testng.SuiteRunnerWorker.runSuite(SuiteRunnerWorker.java:52)
	at org.testng.SuiteRunnerWorker.run(SuiteRunnerWorker.java:86)
	at org.testng.TestNG.runSuitesSequentially(TestNG.java:1244)
	at org.testng.TestNG.runSuitesLocally(TestNG.java:1169)
	at org.testng.TestNG.run(TestNG.java:1064)
	at org.apache.maven.surefire.testng.TestNGExecutor.run(TestNGExecutor.java:283)
	at org.apache.maven.surefire.testng.TestNGXmlTestSuite.execute(TestNGXmlTestSuite.java:75)
	at org.apache.maven.surefire.testng.TestNGProvider.invoke(TestNGProvider.java:120)
	at org.apache.maven.surefire.booter.ForkedBooter.runSuitesInProcess(ForkedBooter.java:377)
	at org.apache.maven.surefire.booter.ForkedBooter.execute(ForkedBooter.java:138)
	at org.apache.maven.surefire.booter.ForkedBooter.run(ForkedBooter.java:465)
	at org.apache.maven.surefire.booter.ForkedBooter.main(ForkedBooter.java:451)
]]>
            </full-stacktrace>
          </exception> <!-- org.junit.ComparisonFailure -->
          <reporter-output>
          </reporter-output>
        </test-method> <!-- loginTest -->
        <test-method status="PASS" signature="threadDown()[pri:0, instance:com.github.tests.UItests.UITests@37d4349f]" name="threadDown" is-config="true" duration-ms="1448" started-at="2020-05-04T19:14:13Z" finished-at="2020-05-04T19:14:14Z">
          <reporter-output>
          </reporter-output>
        </test-method> <!-- threadDown -->
      </class> <!-- com.github.tests.UItests.UITests -->
    </test> <!-- First -->
  </suite> <!-- tests -->
</testng-results>
