<?xml version="1.0" encoding="UTF-8"?>
<testng-results skipped="0" failed="0" total="1" passed="1">
  <reporter-output>
  </reporter-output>
  <suite name="tests" duration-ms="17456" started-at="2020-05-04T12:35:57Z" finished-at="2020-05-04T12:36:14Z">
    <groups>
    </groups>
    <test name="First" duration-ms="17456" started-at="2020-05-04T12:35:57Z" finished-at="2020-05-04T12:36:14Z">
      <class name="com.github.tests.UItests.UITests">
        <test-method status="PASS" signature="setUp(org.testng.ITestContext)[pri:0, instance:com.github.tests.UItests.UITests@37d4349f]" name="setUp" is-config="true" duration-ms="7040" started-at="2020-05-04T15:35:57Z" finished-at="2020-05-04T15:36:04Z">
          <params>
            <param index="0">
              <value>
                <![CDATA[org.testng.TestRunner@1c25b8a7]]>
              </value>
            </param>
          </params>
          <reporter-output>
          </reporter-output>
        </test-method> <!-- setUp -->
        <test-method status="PASS" signature="loginTest()[pri:0, instance:com.github.tests.UItests.UITests@37d4349f]" name="loginTest" duration-ms="10296" started-at="2020-05-04T15:36:04Z" description="Verify Home page is opened." finished-at="2020-05-04T15:36:14Z">
          <reporter-output>
          </reporter-output>
        </test-method> <!-- loginTest -->
        <test-method status="PASS" signature="threadDown()[pri:0, instance:com.github.tests.UItests.UITests@37d4349f]" name="threadDown" is-config="true" duration-ms="1619" started-at="2020-05-04T15:36:14Z" finished-at="2020-05-04T15:36:16Z">
          <reporter-output>
          </reporter-output>
        </test-method> <!-- threadDown -->
      </class> <!-- com.github.tests.UItests.UITests -->
    </test> <!-- First -->
  </suite> <!-- tests -->
</testng-results>
