-------------------------------------------------------------------------------
Test set: TestSuite
-------------------------------------------------------------------------------
Tests run: 1, Failures: 1, Errors: 0, Skipped: 0, Time elapsed: 33.143 s <<< FAILURE! - in TestSuite
com.github.tests.UItests.UITests.loginTest  Time elapsed: 23.07 s  <<< FAILURE!
org.junit.ComparisonFailure: [Cannot login into the account.] expected:<[tru]e> but was:<[fals]e>
	at com.github.tests.UItests.UITests.loginTest(UITests.java:38)

