<?xml version="1.0" encoding="UTF-8"?>
<testsuite xmlns:xsi="http://www.w3.org/2001/XMLSchema-instance" xsi:noNamespaceSchemaLocation="https://maven.apache.org/surefire/maven-surefire-plugin/xsd/surefire-test-report-3.0.xsd" version="3.0" name="TestSuite" time="33.143" tests="1" errors="0" skipped="0" failures="1">
  <properties>
[...]
</properties>
  <testcase name="loginTest" classname="com.github.tests.UItests.UITests" time="23.07">
    <failure message="[Cannot login into the account.] expected:&lt;[tru]e&gt; but was:&lt;[fals]e&gt;" type="org.junit.ComparisonFailure"><![CDATA[org.junit.ComparisonFailure: [Cannot login into the account.] expected:<[tru]e> but was:<[fals]e>
	at com.github.tests.UItests.UITests.loginTest(UITests.java:38)
]]></failure>
    <system-out><![CDATA[2020-05-04 19:13:52.140 [main] INFO  UITests:37 - Some info from logger.
Failure detected...
Screenshot taken
]]></system-out>
    <system-err><![CDATA[Starting ChromeDriver 80.0.3987.106 (f68069574609230cf9b635cd784cfb1bf81bb53a-refs/branch-heads/3987@{#882}) on port 14499
Only local connections are allowed.
Please protect ports used by ChromeDriver and related test frameworks to prevent access by malicious code.
[1588608825.527][WARNING]: This version of ChromeDriver has not been tested with Chrome version 81.
[1588608827.563][WARNING]: Timed out connecting to Chrome, retrying...
трав. 04, 2020 7:13:49 PM org.openqa.selenium.remote.ProtocolHandshake createSession
INFO: Detected dialect: W3C
[1588608830.250][SEVERE]: Timed out receiving message from renderer: 0.100
[1588608830.365][SEVERE]: Timed out receiving message from renderer: 0.100
[1588608830.487][SEVERE]: Timed out receiving message from renderer: 0.100
]]></system-err>
  </testcase>
</testsuite>